Determining if the pthread_create exist failed with the following output:
Change Dir: /home/pi/mjpg-streamer/_build/CMakeFiles/CMakeTmp

Run Build Command:"/usr/bin/make" "cmTC_85bdd/fast"
/usr/bin/make -f CMakeFiles/cmTC_85bdd.dir/build.make CMakeFiles/cmTC_85bdd.dir/build
make[1]: Entering directory '/home/pi/mjpg-streamer/_build/CMakeFiles/CMakeTmp'
Building C object CMakeFiles/cmTC_85bdd.dir/CheckSymbolExists.c.o
/usr/bin/cc    -o CMakeFiles/cmTC_85bdd.dir/CheckSymbolExists.c.o   -c /home/pi/mjpg-streamer/_build/CMakeFiles/CMakeTmp/CheckSymbolExists.c
Linking C executable cmTC_85bdd
/usr/bin/cmake -E cmake_link_script CMakeFiles/cmTC_85bdd.dir/link.txt --verbose=1
/usr/bin/cc      -rdynamic CMakeFiles/cmTC_85bdd.dir/CheckSymbolExists.c.o  -o cmTC_85bdd 
/usr/bin/ld: CMakeFiles/cmTC_85bdd.dir/CheckSymbolExists.c.o: in function `main':
CheckSymbolExists.c:(.text+0x38): undefined reference to `pthread_create'
collect2: error: ld returned 1 exit status
make[1]: *** [CMakeFiles/cmTC_85bdd.dir/build.make:87: cmTC_85bdd] Error 1
make[1]: Leaving directory '/home/pi/mjpg-streamer/_build/CMakeFiles/CMakeTmp'
make: *** [Makefile:121: cmTC_85bdd/fast] Error 2

File /home/pi/mjpg-streamer/_build/CMakeFiles/CMakeTmp/CheckSymbolExists.c:
/* */
#include <pthread.h>

int main(int argc, char** argv)
{
  (void)argv;
#ifndef pthread_create
  return ((int*)(&pthread_create))[argc];
#else
  (void)argc;
  return 0;
#endif
}

Determining if the function pthread_create exists in the pthreads failed with the following output:
Change Dir: /home/pi/mjpg-streamer/_build/CMakeFiles/CMakeTmp

Run Build Command:"/usr/bin/make" "cmTC_d9c4b/fast"
/usr/bin/make -f CMakeFiles/cmTC_d9c4b.dir/build.make CMakeFiles/cmTC_d9c4b.dir/build
make[1]: Entering directory '/home/pi/mjpg-streamer/_build/CMakeFiles/CMakeTmp'
Building C object CMakeFiles/cmTC_d9c4b.dir/CheckFunctionExists.c.o
/usr/bin/cc   -DCHECK_FUNCTION_EXISTS=pthread_create   -o CMakeFiles/cmTC_d9c4b.dir/CheckFunctionExists.c.o   -c /usr/share/cmake-3.13/Modules/CheckFunctionExists.c
Linking C executable cmTC_d9c4b
/usr/bin/cmake -E cmake_link_script CMakeFiles/cmTC_d9c4b.dir/link.txt --verbose=1
/usr/bin/cc  -DCHECK_FUNCTION_EXISTS=pthread_create    -rdynamic CMakeFiles/cmTC_d9c4b.dir/CheckFunctionExists.c.o  -o cmTC_d9c4b -lpthreads 
/usr/bin/ld: cannot find -lpthreads
collect2: error: ld returned 1 exit status
make[1]: *** [CMakeFiles/cmTC_d9c4b.dir/build.make:87: cmTC_d9c4b] Error 1
make[1]: Leaving directory '/home/pi/mjpg-streamer/_build/CMakeFiles/CMakeTmp'
make: *** [Makefile:121: cmTC_d9c4b/fast] Error 2


